{"total": {"lines":{"total":34,"covered":25,"skipped":0,"pct":73.53},"statements":{"total":44,"covered":35,"skipped":0,"pct":79.55},"functions":{"total":18,"covered":18,"skipped":0,"pct":100},"branches":{"total":26,"covered":17,"skipped":0,"pct":65.38}}
,"/mnt/c/Users/Carlos/Desktop/MASTER/5-js-CarlosPS5/src/app-engine.ts": {"lines":{"total":34,"covered":25,"skipped":0,"pct":73.53},"functions":{"total":18,"covered":18,"skipped":0,"pct":100},"statements":{"total":44,"covered":35,"skipped":0,"pct":79.55},"branches":{"total":26,"covered":17,"skipped":0,"pct":65.38}}
}
