TN:
SF:src/app-engine.ts
FN:4,(anonymous_0)
FN:11,(anonymous_1)
FN:15,(anonymous_2)
FN:16,(anonymous_3)
FN:26,(anonymous_4)
FN:27,(anonymous_5)
FN:29,(anonymous_6)
FN:32,(anonymous_7)
FN:35,(anonymous_8)
FN:39,(anonymous_9)
FN:42,(anonymous_10)
FN:45,(anonymous_11)
FN:49,(anonymous_12)
FN:52,(anonymous_13)
FN:58,(anonymous_14)
FN:59,(anonymous_15)
FN:65,(anonymous_16)
FN:66,(anonymous_17)
FNF:18
FNH:18
FNDA:8,(anonymous_0)
FNDA:1,(anonymous_1)
FNDA:20,(anonymous_2)
FNDA:180,(anonymous_3)
FNDA:1,(anonymous_4)
FNDA:9,(anonymous_5)
FNDA:3,(anonymous_6)
FNDA:3,(anonymous_7)
FNDA:3,(anonymous_8)
FNDA:3,(anonymous_9)
FNDA:3,(anonymous_10)
FNDA:3,(anonymous_11)
FNDA:3,(anonymous_12)
FNDA:3,(anonymous_13)
FNDA:1,(anonymous_14)
FNDA:9,(anonymous_15)
FNDA:1,(anonymous_16)
FNDA:9,(anonymous_17)
DA:1,1
DA:5,8
DA:12,1
DA:16,20
DA:17,180
DA:18,20
DA:20,160
DA:23,20
DA:27,9
DA:29,3
DA:30,0
DA:32,3
DA:33,0
DA:35,3
DA:36,0
DA:39,3
DA:40,0
DA:42,3
DA:43,0
DA:45,3
DA:46,0
DA:49,3
DA:50,0
DA:52,3
DA:53,1
DA:55,0
DA:59,9
DA:60,1
DA:62,0
DA:66,1
DA:67,9
DA:68,4
DA:72,5
DA:74,1
LF:34
LH:25
BRDA:17,0,0,20
BRDA:17,0,1,160
BRDA:17,1,0,180
BRDA:17,1,1,60
BRDA:27,2,0,9
BRDA:27,2,1,4
BRDA:29,3,0,0
BRDA:29,3,1,1
BRDA:32,4,0,0
BRDA:32,4,1,1
BRDA:35,5,0,0
BRDA:35,5,1,1
BRDA:39,6,0,0
BRDA:39,6,1,1
BRDA:42,7,0,0
BRDA:42,7,1,1
BRDA:45,8,0,0
BRDA:45,8,1,1
BRDA:49,9,0,0
BRDA:49,9,1,1
BRDA:52,10,0,1
BRDA:52,10,1,0
BRDA:59,11,0,1
BRDA:59,11,1,0
BRDA:67,12,0,4
BRDA:67,12,1,5
BRF:26
BRH:17
end_of_record
