TN:
SF:src/app-engine.ts
FN:6,(anonymous_0)
FN:13,(anonymous_1)
FN:17,(anonymous_2)
FN:18,(anonymous_3)
FN:28,(anonymous_4)
FN:29,(anonymous_5)
FN:31,(anonymous_6)
FN:34,(anonymous_7)
FN:37,(anonymous_8)
FN:41,(anonymous_9)
FN:44,(anonymous_10)
FN:47,(anonymous_11)
FN:51,(anonymous_12)
FN:54,(anonymous_13)
FN:60,(anonymous_14)
FN:61,(anonymous_15)
FN:67,(anonymous_16)
FN:68,(anonymous_17)
FNF:18
FNH:18
FNDA:7,(anonymous_0)
FNDA:1,(anonymous_1)
FNDA:19,(anonymous_2)
FNDA:171,(anonymous_3)
FNDA:1,(anonymous_4)
FNDA:9,(anonymous_5)
FNDA:3,(anonymous_6)
FNDA:3,(anonymous_7)
FNDA:3,(anonymous_8)
FNDA:3,(anonymous_9)
FNDA:3,(anonymous_10)
FNDA:3,(anonymous_11)
FNDA:3,(anonymous_12)
FNDA:3,(anonymous_13)
FNDA:1,(anonymous_14)
FNDA:9,(anonymous_15)
FNDA:1,(anonymous_16)
FNDA:9,(anonymous_17)
DA:3,1
DA:7,7
DA:14,1
DA:18,19
DA:19,171
DA:20,19
DA:22,152
DA:25,19
DA:29,9
DA:31,3
DA:32,0
DA:34,3
DA:35,0
DA:37,3
DA:38,0
DA:41,3
DA:42,0
DA:44,3
DA:45,0
DA:47,3
DA:48,0
DA:51,3
DA:52,0
DA:54,3
DA:55,1
DA:57,0
DA:61,9
DA:62,1
DA:64,0
DA:68,1
DA:69,9
DA:70,4
DA:74,5
DA:76,1
LF:34
LH:25
BRDA:19,0,0,19
BRDA:19,0,1,152
BRDA:19,1,0,171
BRDA:19,1,1,57
BRDA:29,2,0,9
BRDA:29,2,1,4
BRDA:31,3,0,0
BRDA:31,3,1,1
BRDA:34,4,0,0
BRDA:34,4,1,1
BRDA:37,5,0,0
BRDA:37,5,1,1
BRDA:41,6,0,0
BRDA:41,6,1,1
BRDA:44,7,0,0
BRDA:44,7,1,1
BRDA:47,8,0,0
BRDA:47,8,1,1
BRDA:51,9,0,0
BRDA:51,9,1,1
BRDA:54,10,0,1
BRDA:54,10,1,0
BRDA:61,11,0,1
BRDA:61,11,1,0
BRDA:69,12,0,4
BRDA:69,12,1,5
BRF:26
BRH:17
end_of_record
